# JRE version: Java(TM) SE Runtime Environment 18.9 (11.0.11+9) (build 11.0.11+9-LTS-194)
# Java VM: Java HotSpot(TM) 64-Bit Server VM 18.9 (11.0.11+9-LTS-194, mixed mode, tiered, compressed oops, g1 gc, windows-amd64)
Heap:
 garbage-first heap   total 288768K, used 55985K [0x0000000601c00000, 0x0000000800000000)
  region size 2048K, 9 young (18432K), 1 survivors (2048K)
 Metaspace       used 31096K, capacity 31668K, committed 31872K, reserved 1077248K
  class space    used 2916K, capacity 3128K, committed 3200K, reserved 1048576K
GC Heap History (10 events):
Event: 50.595 GC heap before
{Heap before GC invocations=31 (full 1):
 garbage-first heap   total 288768K, used 182588K [0x0000000601c00000, 0x0000000800000000)
  region size 2048K, 70 young (143360K), 1 survivors (2048K)
 Metaspace       used 25937K, capacity 26485K, committed 26752K, reserved 1073152K
  class space    used 2353K, capacity 2575K, committed 2688K, reserved 1048576K
}
Event: 50.596 GC heap after
{Heap after GC invocations=32 (full 1):
 garbage-first heap   total 288768K, used 34195K [0x0000000601c00000, 0x0000000800000000)
  region size 2048K, 1 young (2048K), 1 survivors (2048K)
 Metaspace       used 25937K, capacity 26485K, committed 26752K, reserved 1073152K
  class space    used 2353K, capacity 2575K, committed 2688K, reserved 1048576K
}
Event: 56.357 GC heap before
{Heap before GC invocations=32 (full 1):
 garbage-first heap   total 288768K, used 165267K [0x0000000601c00000, 0x0000000800000000)
  region size 2048K, 66 young (135168K), 1 survivors (2048K)
 Metaspace       used 29961K, capacity 30548K, committed 30848K, reserved 1077248K
  class space    used 2866K, capacity 3096K, committed 3200K, reserved 1048576K
}
Event: 56.359 GC heap after
{Heap after GC invocations=33 (full 1):
 garbage-first heap   total 288768K, used 34885K [0x0000000601c00000, 0x0000000800000000)
  region size 2048K, 1 young (2048K), 1 survivors (2048K)
 Metaspace       used 29961K, capacity 30548K, committed 30848K, reserved 1077248K
  class space    used 2866K, capacity 3096K, committed 3200K, reserved 1048576K
}
Event: 57.032 GC heap before
{Heap before GC invocations=34 (full 1):
 garbage-first heap   total 288768K, used 47173K [0x0000000601c00000, 0x0000000800000000)
  region size 2048K, 7 young (14336K), 1 survivors (2048K)
 Metaspace       used 30542K, capacity 31092K, committed 31360K, reserved 1077248K
  class space    used 2900K, capacity 3128K, committed 3200K, reserved 1048576K
}
Event: 57.034 GC heap after
{Heap after GC invocations=35 (full 1):
 garbage-first heap   total 288768K, used 36994K [0x0000000601c00000, 0x0000000800000000)
  region size 2048K, 1 young (2048K), 1 survivors (2048K)
 Metaspace       used 30542K, capacity 31092K, committed 31360K, reserved 1077248K
  class space    used 2900K, capacity 3128K, committed 3200K, reserved 1048576K
}
Event: 60.854 GC heap before
{Heap before GC invocations=36 (full 1):
 garbage-first heap   total 288768K, used 43138K [0x0000000601c00000, 0x0000000800000000)
  region size 2048K, 4 young (8192K), 1 survivors (2048K)
 Metaspace       used 30604K, capacity 31156K, committed 31360K, reserved 1077248K
  class space    used 2900K, capacity 3128K, committed 3200K, reserved 1048576K
}
Event: 60.855 GC heap after
{Heap after GC invocations=37 (full 1):
 garbage-first heap   total 288768K, used 39126K [0x0000000601c00000, 0x0000000800000000)
  region size 2048K, 1 young (2048K), 1 survivors (2048K)
 Metaspace       used 30604K, capacity 31156K, committed 31360K, reserved 1077248K
  class space    used 2900K, capacity 3128K, committed 3200K, reserved 1048576K
}
Event: 61.486 GC heap before
{Heap before GC invocations=38 (full 1):
 garbage-first heap   total 288768K, used 51414K [0x0000000601c00000, 0x0000000800000000)
  region size 2048K, 8 young (16384K), 1 survivors (2048K)
 Metaspace       used 30886K, capacity 31476K, committed 31616K, reserved 1077248K
  class space    used 2907K, capacity 3128K, committed 3200K, reserved 1048576K
}
Event: 61.488 GC heap after
{Heap after GC invocations=39 (full 1):
 garbage-first heap   total 288768K, used 41649K [0x0000000601c00000, 0x0000000800000000)
  region size 2048K, 1 young (2048K), 1 survivors (2048K)
 Metaspace       used 30886K, capacity 31476K, committed 31616K, reserved 1077248K
  class space    used 2907K, capacity 3128K, committed 3200K, reserved 1048576K
}

