# JRE version: Java(TM) SE Runtime Environment 18.9 (11.0.11+9) (build 11.0.11+9-LTS-194)
# Java VM: Java HotSpot(TM) 64-Bit Server VM 18.9 (11.0.11+9-LTS-194, mixed mode, tiered, compressed oops, g1 gc, windows-amd64)
Heap:
 garbage-first heap   total 49152K, used 35449K [0x0000000601c00000, 0x0000000800000000)
  region size 2048K, 2 young (4096K), 1 survivors (2048K)
 Metaspace       used 20000K, capacity 20559K, committed 20608K, reserved 1067008K
  class space    used 2192K, capacity 2391K, committed 2432K, reserved 1048576K
GC Heap History (10 events):
Event: 9.860 GC heap before
{Heap before GC invocations=4 (full 1):
 garbage-first heap   total 49152K, used 27984K [0x0000000601c00000, 0x0000000800000000)
  region size 2048K, 2 young (4096K), 1 survivors (2048K)
 Metaspace       used 18795K, capacity 19314K, committed 19456K, reserved 1067008K
  class space    used 2067K, capacity 2251K, committed 2304K, reserved 1048576K
}
Event: 9.862 GC heap after
{Heap after GC invocations=5 (full 1):
 garbage-first heap   total 49152K, used 30467K [0x0000000601c00000, 0x0000000800000000)
  region size 2048K, 1 young (2048K), 1 survivors (2048K)
 Metaspace       used 18795K, capacity 19314K, committed 19456K, reserved 1067008K
  class space    used 2067K, capacity 2251K, committed 2304K, reserved 1048576K
}
Event: 9.866 GC heap before
{Heap before GC invocations=5 (full 1):
 garbage-first heap   total 49152K, used 32515K [0x0000000601c00000, 0x0000000800000000)
  region size 2048K, 2 young (4096K), 1 survivors (2048K)
 Metaspace       used 18795K, capacity 19314K, committed 19456K, reserved 1067008K
  class space    used 2067K, capacity 2251K, committed 2304K, reserved 1048576K
}
Event: 9.868 GC heap after
{Heap after GC invocations=6 (full 1):
 garbage-first heap   total 49152K, used 31424K [0x0000000601c00000, 0x0000000800000000)
  region size 2048K, 1 young (2048K), 1 survivors (2048K)
 Metaspace       used 18795K, capacity 19314K, committed 19456K, reserved 1067008K
  class space    used 2067K, capacity 2251K, committed 2304K, reserved 1048576K
}
Event: 9.921 GC heap before
{Heap before GC invocations=6 (full 1):
 garbage-first heap   total 49152K, used 31424K [0x0000000601c00000, 0x0000000800000000)
  region size 2048K, 2 young (4096K), 1 survivors (2048K)
 Metaspace       used 18918K, capacity 19412K, committed 19456K, reserved 1067008K
  class space    used 2089K, capacity 2283K, committed 2304K, reserved 1048576K
}
Event: 9.922 GC heap after
{Heap after GC invocations=7 (full 1):
 garbage-first heap   total 49152K, used 31541K [0x0000000601c00000, 0x0000000800000000)
  region size 2048K, 1 young (2048K), 1 survivors (2048K)
 Metaspace       used 18918K, capacity 19412K, committed 19456K, reserved 1067008K
  class space    used 2089K, capacity 2283K, committed 2304K, reserved 1048576K
}
Event: 10.262 GC heap before
{Heap before GC invocations=8 (full 1):
 garbage-first heap   total 49152K, used 37685K [0x0000000601c00000, 0x0000000800000000)
  region size 2048K, 2 young (4096K), 1 survivors (2048K)
 Metaspace       used 19346K, capacity 19855K, committed 20096K, reserved 1067008K
  class space    used 2133K, capacity 2327K, committed 2432K, reserved 1048576K
}
Event: 10.263 GC heap after
{Heap after GC invocations=9 (full 1):
 garbage-first heap   total 49152K, used 35960K [0x0000000601c00000, 0x0000000800000000)
  region size 2048K, 1 young (2048K), 1 survivors (2048K)
 Metaspace       used 19346K, capacity 19855K, committed 20096K, reserved 1067008K
  class space    used 2133K, capacity 2327K, committed 2432K, reserved 1048576K
}
Event: 54.766 GC heap before
{Heap before GC invocations=9 (full 1):
 garbage-first heap   total 49152K, used 38008K [0x0000000601c00000, 0x0000000800000000)
  region size 2048K, 2 young (4096K), 1 survivors (2048K)
 Metaspace       used 19790K, capacity 20271K, committed 20352K, reserved 1067008K
  class space    used 2175K, capacity 2359K, committed 2432K, reserved 1048576K
}
Event: 54.768 GC heap after
{Heap after GC invocations=10 (full 1):
 garbage-first heap   total 49152K, used 35449K [0x0000000601c00000, 0x0000000800000000)
  region size 2048K, 1 young (2048K), 1 survivors (2048K)
 Metaspace       used 19790K, capacity 20271K, committed 20352K, reserved 1067008K
  class space    used 2175K, capacity 2359K, committed 2432K, reserved 1048576K
}

