# JRE version: Java(TM) SE Runtime Environment 18.9 (11.0.11+9) (build 11.0.11+9-LTS-194)
# Java VM: Java HotSpot(TM) 64-Bit Server VM 18.9 (11.0.11+9-LTS-194, mixed mode, tiered, compressed oops, g1 gc, windows-amd64)
Heap:
 garbage-first heap   total 286720K, used 57766K [0x0000000601c00000, 0x0000000800000000)
  region size 2048K, 10 young (20480K), 1 survivors (2048K)
 Metaspace       used 30993K, capacity 31540K, committed 31872K, reserved 1077248K
  class space    used 2914K, capacity 3128K, committed 3200K, reserved 1048576K
GC Heap History (10 events):
Event: 50.758 GC heap before
{Heap before GC invocations=31 (full 1):
 garbage-first heap   total 286720K, used 192491K [0x0000000601c00000, 0x0000000800000000)
  region size 2048K, 75 young (153600K), 1 survivors (2048K)
 Metaspace       used 25813K, capacity 26357K, committed 26752K, reserved 1073152K
  class space    used 2353K, capacity 2575K, committed 2688K, reserved 1048576K
}
Event: 50.759 GC heap after
{Heap after GC invocations=32 (full 1):
 garbage-first heap   total 286720K, used 33866K [0x0000000601c00000, 0x0000000800000000)
  region size 2048K, 1 young (2048K), 1 survivors (2048K)
 Metaspace       used 25813K, capacity 26357K, committed 26752K, reserved 1073152K
  class space    used 2353K, capacity 2575K, committed 2688K, reserved 1048576K
}
Event: 56.439 GC heap before
{Heap before GC invocations=32 (full 1):
 garbage-first heap   total 286720K, used 154698K [0x0000000601c00000, 0x0000000800000000)
  region size 2048K, 61 young (124928K), 1 survivors (2048K)
 Metaspace       used 29843K, capacity 30420K, committed 30592K, reserved 1077248K
  class space    used 2864K, capacity 3096K, committed 3200K, reserved 1048576K
}
Event: 56.440 GC heap after
{Heap after GC invocations=33 (full 1):
 garbage-first heap   total 286720K, used 34541K [0x0000000601c00000, 0x0000000800000000)
  region size 2048K, 1 young (2048K), 1 survivors (2048K)
 Metaspace       used 29843K, capacity 30420K, committed 30592K, reserved 1077248K
  class space    used 2864K, capacity 3096K, committed 3200K, reserved 1048576K
}
Event: 57.077 GC heap before
{Heap before GC invocations=34 (full 1):
 garbage-first heap   total 286720K, used 46829K [0x0000000601c00000, 0x0000000800000000)
  region size 2048K, 7 young (14336K), 1 survivors (2048K)
 Metaspace       used 30410K, capacity 30964K, committed 31104K, reserved 1077248K
  class space    used 2899K, capacity 3128K, committed 3200K, reserved 1048576K
}
Event: 57.079 GC heap after
{Heap after GC invocations=35 (full 1):
 garbage-first heap   total 286720K, used 36637K [0x0000000601c00000, 0x0000000800000000)
  region size 2048K, 1 young (2048K), 1 survivors (2048K)
 Metaspace       used 30410K, capacity 30964K, committed 31104K, reserved 1077248K
  class space    used 2899K, capacity 3128K, committed 3200K, reserved 1048576K
}
Event: 60.967 GC heap before
{Heap before GC invocations=36 (full 1):
 garbage-first heap   total 286720K, used 42781K [0x0000000601c00000, 0x0000000800000000)
  region size 2048K, 4 young (8192K), 1 survivors (2048K)
 Metaspace       used 30468K, capacity 31028K, committed 31360K, reserved 1077248K
  class space    used 2899K, capacity 3128K, committed 3200K, reserved 1048576K
}
Event: 60.969 GC heap after
{Heap after GC invocations=37 (full 1):
 garbage-first heap   total 286720K, used 38756K [0x0000000601c00000, 0x0000000800000000)
  region size 2048K, 1 young (2048K), 1 survivors (2048K)
 Metaspace       used 30468K, capacity 31028K, committed 31360K, reserved 1077248K
  class space    used 2899K, capacity 3128K, committed 3200K, reserved 1048576K
}
Event: 61.576 GC heap before
{Heap before GC invocations=38 (full 1):
 garbage-first heap   total 286720K, used 51044K [0x0000000601c00000, 0x0000000800000000)
  region size 2048K, 8 young (16384K), 1 survivors (2048K)
 Metaspace       used 30790K, capacity 31348K, committed 31616K, reserved 1077248K
  class space    used 2906K, capacity 3128K, committed 3200K, reserved 1048576K
}
Event: 61.578 GC heap after
{Heap after GC invocations=39 (full 1):
 garbage-first heap   total 286720K, used 41382K [0x0000000601c00000, 0x0000000800000000)
  region size 2048K, 1 young (2048K), 1 survivors (2048K)
 Metaspace       used 30790K, capacity 31348K, committed 31616K, reserved 1077248K
  class space    used 2906K, capacity 3128K, committed 3200K, reserved 1048576K
}

