# JRE version: Java(TM) SE Runtime Environment 18.9 (11.0.11+9) (build 11.0.11+9-LTS-194)
# Java VM: Java HotSpot(TM) 64-Bit Server VM 18.9 (11.0.11+9-LTS-194, mixed mode, tiered, compressed oops, g1 gc, windows-amd64)
Heap:
 garbage-first heap   total 286720K, used 113010K [0x0000000601c00000, 0x0000000800000000)
  region size 2048K, 37 young (75776K), 1 survivors (2048K)
 Metaspace       used 31317K, capacity 31903K, committed 32128K, reserved 1079296K
  class space    used 2930K, capacity 3164K, committed 3200K, reserved 1048576K
GC Heap History (10 events):
Event: 48.168 GC heap before
{Heap before GC invocations=27 (full 1):
 garbage-first heap   total 47104K, used 36398K [0x0000000601c00000, 0x0000000800000000)
  region size 2048K, 2 young (4096K), 1 survivors (2048K)
 Metaspace       used 21615K, capacity 22162K, committed 22272K, reserved 1069056K
  class space    used 2328K, capacity 2544K, committed 2560K, reserved 1048576K
}
Event: 48.169 GC heap after
{Heap after GC invocations=28 (full 1):
 garbage-first heap   total 47104K, used 34320K [0x0000000601c00000, 0x0000000800000000)
  region size 2048K, 1 young (2048K), 1 survivors (2048K)
 Metaspace       used 21615K, capacity 22162K, committed 22272K, reserved 1069056K
  class space    used 2328K, capacity 2544K, committed 2560K, reserved 1048576K
}
Event: 48.178 GC heap before
{Heap before GC invocations=28 (full 1):
 garbage-first heap   total 47104K, used 36368K [0x0000000601c00000, 0x0000000800000000)
  region size 2048K, 2 young (4096K), 1 survivors (2048K)
 Metaspace       used 21625K, capacity 22162K, committed 22272K, reserved 1069056K
  class space    used 2328K, capacity 2544K, committed 2560K, reserved 1048576K
}
Event: 48.179 GC heap after
{Heap after GC invocations=29 (full 1):
 garbage-first heap   total 47104K, used 34342K [0x0000000601c00000, 0x0000000800000000)
  region size 2048K, 1 young (2048K), 1 survivors (2048K)
 Metaspace       used 21625K, capacity 22162K, committed 22272K, reserved 1069056K
  class space    used 2328K, capacity 2544K, committed 2560K, reserved 1048576K
}
Event: 48.190 GC heap before
{Heap before GC invocations=30 (full 1):
 garbage-first heap   total 47104K, used 36390K [0x0000000601c00000, 0x0000000800000000)
  region size 2048K, 2 young (4096K), 1 survivors (2048K)
 Metaspace       used 21625K, capacity 22162K, committed 22272K, reserved 1069056K
  class space    used 2328K, capacity 2544K, committed 2560K, reserved 1048576K
}
Event: 48.194 GC heap after
{Heap after GC invocations=31 (full 1):
 garbage-first heap   total 286720K, used 34328K [0x0000000601c00000, 0x0000000800000000)
  region size 2048K, 1 young (2048K), 1 survivors (2048K)
 Metaspace       used 21625K, capacity 22162K, committed 22272K, reserved 1069056K
  class space    used 2328K, capacity 2544K, committed 2560K, reserved 1048576K
}
Event: 48.629 GC heap before
{Heap before GC invocations=31 (full 1):
 garbage-first heap   total 286720K, used 157208K [0x0000000601c00000, 0x0000000800000000)
  region size 2048K, 59 young (120832K), 1 survivors (2048K)
 Metaspace       used 25873K, capacity 26426K, committed 26752K, reserved 1073152K
  class space    used 2361K, capacity 2577K, committed 2688K, reserved 1048576K
}
Event: 48.630 GC heap after
{Heap after GC invocations=32 (full 1):
 garbage-first heap   total 286720K, used 34494K [0x0000000601c00000, 0x0000000800000000)
  region size 2048K, 1 young (2048K), 1 survivors (2048K)
 Metaspace       used 25873K, capacity 26426K, committed 26752K, reserved 1073152K
  class space    used 2361K, capacity 2577K, committed 2688K, reserved 1048576K
}
Event: 49.484 GC heap before
{Heap before GC invocations=32 (full 1):
 garbage-first heap   total 286720K, used 186046K [0x0000000601c00000, 0x0000000800000000)
  region size 2048K, 75 young (153600K), 1 survivors (2048K)
 Metaspace       used 29557K, capacity 30136K, committed 30208K, reserved 1077248K
  class space    used 2851K, capacity 3066K, committed 3072K, reserved 1048576K
}
Event: 49.485 GC heap after
{Heap after GC invocations=33 (full 1):
 garbage-first heap   total 286720K, used 35186K [0x0000000601c00000, 0x0000000800000000)
  region size 2048K, 1 young (2048K), 1 survivors (2048K)
 Metaspace       used 29557K, capacity 30136K, committed 30208K, reserved 1077248K
  class space    used 2851K, capacity 3066K, committed 3072K, reserved 1048576K
}

