# JRE version: Java(TM) SE Runtime Environment 18.9 (11.0.11+9) (build 11.0.11+9-LTS-194)
# Java VM: Java HotSpot(TM) 64-Bit Server VM 18.9 (11.0.11+9-LTS-194, mixed mode, tiered, compressed oops, g1 gc, windows-amd64)
Heap:
 garbage-first heap   total 294912K, used 206266K [0x0000000605200000, 0x0000000800000000)
  region size 2048K, 74 young (151552K), 2 survivors (4096K)
 Metaspace       used 30609K, capacity 31118K, committed 31360K, reserved 1077248K
  class space    used 2916K, capacity 3131K, committed 3200K, reserved 1048576K
GC Heap History (10 events):
Event: 4.260 GC heap before
{Heap before GC invocations=19 (full 1):
 garbage-first heap   total 69632K, used 52872K [0x0000000605200000, 0x0000000800000000)
  region size 2048K, 2 young (4096K), 1 survivors (2048K)
 Metaspace       used 19088K, capacity 19557K, committed 19712K, reserved 1067008K
  class space    used 2101K, capacity 2284K, committed 2304K, reserved 1048576K
}
Event: 4.262 GC heap after
{Heap after GC invocations=20 (full 1):
 garbage-first heap   total 294912K, used 52681K [0x0000000605200000, 0x0000000800000000)
  region size 2048K, 1 young (2048K), 1 survivors (2048K)
 Metaspace       used 19088K, capacity 19557K, committed 19712K, reserved 1067008K
  class space    used 2101K, capacity 2284K, committed 2304K, reserved 1048576K
}
Event: 45.816 GC heap before
{Heap before GC invocations=20 (full 1):
 garbage-first heap   total 294912K, used 62921K [0x0000000605200000, 0x0000000800000000)
  region size 2048K, 7 young (14336K), 1 survivors (2048K)
 Metaspace       used 21390K, capacity 21902K, committed 22016K, reserved 1069056K
  class space    used 2294K, capacity 2494K, committed 2560K, reserved 1048576K
}
Event: 45.817 GC heap after
{Heap after GC invocations=21 (full 1):
 garbage-first heap   total 294912K, used 60957K [0x0000000605200000, 0x0000000800000000)
  region size 2048K, 1 young (2048K), 1 survivors (2048K)
 Metaspace       used 21390K, capacity 21902K, committed 22016K, reserved 1069056K
  class space    used 2294K, capacity 2494K, committed 2560K, reserved 1048576K
}
Event: 46.000 GC heap before
{Heap before GC invocations=21 (full 1):
 garbage-first heap   total 294912K, used 140829K [0x0000000605200000, 0x0000000800000000)
  region size 2048K, 38 young (77824K), 1 survivors (2048K)
 Metaspace       used 26321K, capacity 26856K, committed 27008K, reserved 1073152K
  class space    used 2391K, capacity 2608K, committed 2688K, reserved 1048576K
}
Event: 46.001 GC heap after
{Heap after GC invocations=22 (full 1):
 garbage-first heap   total 294912K, used 60980K [0x0000000605200000, 0x0000000800000000)
  region size 2048K, 2 young (4096K), 2 survivors (4096K)
 Metaspace       used 26321K, capacity 26856K, committed 27008K, reserved 1073152K
  class space    used 2391K, capacity 2608K, committed 2688K, reserved 1048576K
}
Event: 46.079 GC heap before
{Heap before GC invocations=22 (full 1):
 garbage-first heap   total 294912K, used 165428K [0x0000000605200000, 0x0000000800000000)
  region size 2048K, 53 young (108544K), 2 survivors (4096K)
 Metaspace       used 26328K, capacity 26920K, committed 27264K, reserved 1073152K
  class space    used 2391K, capacity 2608K, committed 2688K, reserved 1048576K
}
Event: 46.080 GC heap after
{Heap after GC invocations=23 (full 1):
 garbage-first heap   total 294912K, used 61064K [0x0000000605200000, 0x0000000800000000)
  region size 2048K, 2 young (4096K), 2 survivors (4096K)
 Metaspace       used 26328K, capacity 26920K, committed 27264K, reserved 1073152K
  class space    used 2391K, capacity 2608K, committed 2688K, reserved 1048576K
}
Event: 65.413 GC heap before
{Heap before GC invocations=23 (full 1):
 garbage-first heap   total 294912K, used 233096K [0x0000000605200000, 0x0000000800000000)
  region size 2048K, 86 young (176128K), 2 survivors (4096K)
 Metaspace       used 30507K, capacity 31054K, committed 31360K, reserved 1077248K
  class space    used 2909K, capacity 3131K, committed 3200K, reserved 1048576K
}
Event: 65.416 GC heap after
{Heap after GC invocations=24 (full 1):
 garbage-first heap   total 294912K, used 61835K [0x0000000605200000, 0x0000000800000000)
  region size 2048K, 2 young (4096K), 2 survivors (4096K)
 Metaspace       used 30507K, capacity 31054K, committed 31360K, reserved 1077248K
  class space    used 2909K, capacity 3131K, committed 3200K, reserved 1048576K
}

